{"contentLength":"0","level":"info","message":"HTTP Access Log","method":"OPTIONS","responseTime":4.39,"status":204,"timestamp":"Tue Feb 08 2022 12:52:10 GMT+0700 (Western Indonesia Time)","url":"/users/keep-login"}
{"contentLength":"108","level":"info","message":"HTTP Access Log","method":"POST","responseTime":262.116,"status":200,"timestamp":"Tue Feb 08 2022 12:52:10 GMT+0700 (Western Indonesia Time)","url":"/users/keep-login"}
{"contentLength":"-","level":"info","message":"HTTP Access Log","method":"GET","responseTime":80.153,"status":304,"timestamp":"Tue Feb 08 2022 12:52:10 GMT+0700 (Western Indonesia Time)","url":"/cart/get-my-cart?id_user=225"}
{"contentLength":"0","level":"info","message":"HTTP Access Log","method":"OPTIONS","responseTime":1.067,"status":204,"timestamp":"Tue Feb 08 2022 12:52:18 GMT+0700 (Western Indonesia Time)","url":"/users/keep-login"}
{"contentLength":"108","level":"info","message":"HTTP Access Log","method":"POST","responseTime":20.139,"status":200,"timestamp":"Tue Feb 08 2022 12:52:18 GMT+0700 (Western Indonesia Time)","url":"/users/keep-login"}
{"contentLength":"-","level":"info","message":"HTTP Access Log","method":"GET","responseTime":23.671,"status":304,"timestamp":"Tue Feb 08 2022 12:52:18 GMT+0700 (Western Indonesia Time)","url":"/cart/get-my-cart?id_user=225"}
{"contentLength":"-","level":"info","message":"HTTP Access Log","method":"GET","responseTime":5.227,"status":304,"timestamp":"Tue Feb 08 2022 12:57:43 GMT+0700 (Western Indonesia Time)","url":"/images/imagesproduct-image/product-image1634355707577.jpg"}
{"contentLength":"-","level":"info","message":"HTTP Access Log","method":"GET","responseTime":8.049,"status":304,"timestamp":"Tue Feb 08 2022 12:57:43 GMT+0700 (Western Indonesia Time)","url":"/images/imagesproduct-image/product-image1634355851228.jpg"}
{"contentLength":"-","level":"info","message":"HTTP Access Log","method":"GET","responseTime":18.463,"status":304,"timestamp":"Tue Feb 08 2022 12:57:43 GMT+0700 (Western Indonesia Time)","url":"/cart/get-my-cart?id_user=225"}
{"contentLength":"-","level":"info","message":"HTTP Access Log","method":"GET","responseTime":21.495,"status":304,"timestamp":"Tue Feb 08 2022 12:57:46 GMT+0700 (Western Indonesia Time)","url":"/products?page=1&productName=&category=&sortBy="}
{"contentLength":"-","level":"info","message":"HTTP Access Log","method":"GET","responseTime":6.379,"status":304,"timestamp":"Tue Feb 08 2022 12:57:46 GMT+0700 (Western Indonesia Time)","url":"/images/imagesproduct-image/product-image1634355096845.jpg"}
{"contentLength":"-","level":"info","message":"HTTP Access Log","method":"GET","responseTime":6.876,"status":304,"timestamp":"Tue Feb 08 2022 12:57:46 GMT+0700 (Western Indonesia Time)","url":"/images/imagesproduct-image/product-image1634355120672.jpg"}
{"contentLength":"-","level":"info","message":"HTTP Access Log","method":"GET","responseTime":8.823,"status":304,"timestamp":"Tue Feb 08 2022 12:57:46 GMT+0700 (Western Indonesia Time)","url":"/images/imagesproduct-image/product-image1634355575135.jpg"}
{"contentLength":"-","level":"info","message":"HTTP Access Log","method":"GET","responseTime":10.986,"status":304,"timestamp":"Tue Feb 08 2022 12:57:46 GMT+0700 (Western Indonesia Time)","url":"/images/imagesproduct-image/product-image1634355920678.jpg"}
{"contentLength":"53","level":"info","message":"HTTP Access Log","method":"POST","responseTime":29.883,"status":201,"timestamp":"Tue Feb 08 2022 12:57:47 GMT+0700 (Western Indonesia Time)","url":"/cart/add-from-product-list/2?quantity=1&id_user=225"}
{"contentLength":"557","level":"info","message":"HTTP Access Log","method":"GET","responseTime":13.638,"status":200,"timestamp":"Tue Feb 08 2022 12:57:49 GMT+0700 (Western Indonesia Time)","url":"/cart/get-my-cart?id_user=225"}
{"contentLength":"0","level":"info","message":"HTTP Access Log","method":"OPTIONS","responseTime":0.39,"status":204,"timestamp":"Tue Feb 08 2022 12:57:56 GMT+0700 (Western Indonesia Time)","url":"/users/keep-login"}
{"contentLength":"108","level":"info","message":"HTTP Access Log","method":"POST","responseTime":11.359,"status":200,"timestamp":"Tue Feb 08 2022 12:57:56 GMT+0700 (Western Indonesia Time)","url":"/users/keep-login"}
{"contentLength":"-","level":"info","message":"HTTP Access Log","method":"GET","responseTime":7.258,"status":304,"timestamp":"Tue Feb 08 2022 12:57:56 GMT+0700 (Western Indonesia Time)","url":"/cart/get-my-cart?id_user=225"}
{"contentLength":"-","level":"info","message":"HTTP Access Log","method":"GET","responseTime":6.669,"status":304,"timestamp":"Tue Feb 08 2022 13:13:37 GMT+0700 (Western Indonesia Time)","url":"/images/imagesproduct-image/product-image1634355851228.jpg"}
{"contentLength":"-","level":"info","message":"HTTP Access Log","method":"GET","responseTime":2.49,"status":304,"timestamp":"Tue Feb 08 2022 13:13:37 GMT+0700 (Western Indonesia Time)","url":"/images/imagesproduct-image/product-image1634355707577.jpg"}
{"contentLength":"-","level":"info","message":"HTTP Access Log","method":"GET","responseTime":5.843,"status":304,"timestamp":"Tue Feb 08 2022 13:13:37 GMT+0700 (Western Indonesia Time)","url":"/images/imagesproduct-image/product-image1634355120672.jpg"}
{"contentLength":"-","level":"info","message":"HTTP Access Log","method":"GET","responseTime":20.118,"status":304,"timestamp":"Tue Feb 08 2022 13:13:37 GMT+0700 (Western Indonesia Time)","url":"/cart/get-my-cart?id_user=225"}
{"contentLength":"-","level":"info","message":"HTTP Access Log","method":"GET","responseTime":25.023,"status":304,"timestamp":"Tue Feb 08 2022 13:13:40 GMT+0700 (Western Indonesia Time)","url":"/products/quick-check-stocks?id=2"}
{"contentLength":"0","level":"info","message":"HTTP Access Log","method":"OPTIONS","responseTime":0.22,"status":204,"timestamp":"Tue Feb 08 2022 13:13:42 GMT+0700 (Western Indonesia Time)","url":"/cart/edit-Qtyitem-in-cart/25?quantity=2"}
{"contentLength":"50","level":"info","message":"HTTP Access Log","method":"PATCH","responseTime":12.089,"status":200,"timestamp":"Tue Feb 08 2022 13:13:42 GMT+0700 (Western Indonesia Time)","url":"/cart/edit-Qtyitem-in-cart/25?quantity=2"}
{"contentLength":"557","level":"info","message":"HTTP Access Log","method":"GET","responseTime":3.888,"status":200,"timestamp":"Tue Feb 08 2022 13:13:42 GMT+0700 (Western Indonesia Time)","url":"/cart/get-my-cart?id_user=225"}
{"contentLength":"-","level":"info","message":"HTTP Access Log","method":"GET","responseTime":5.288,"status":304,"timestamp":"Tue Feb 08 2022 13:13:47 GMT+0700 (Western Indonesia Time)","url":"/products/quick-check-stocks?id=5"}
{"contentLength":"-","level":"info","message":"HTTP Access Log","method":"GET","responseTime":4.379,"status":304,"timestamp":"Tue Feb 08 2022 13:13:47 GMT+0700 (Western Indonesia Time)","url":"/products/quick-check-stocks?id=5"}
{"contentLength":"-","level":"info","message":"HTTP Access Log","method":"GET","responseTime":6.359,"status":304,"timestamp":"Tue Feb 08 2022 13:13:47 GMT+0700 (Western Indonesia Time)","url":"/products/quick-check-stocks?id=5"}
{"contentLength":"-","level":"info","message":"HTTP Access Log","method":"GET","responseTime":4.361,"status":304,"timestamp":"Tue Feb 08 2022 13:13:47 GMT+0700 (Western Indonesia Time)","url":"/products/quick-check-stocks?id=5"}
{"contentLength":"-","level":"info","message":"HTTP Access Log","method":"GET","responseTime":4.717,"status":304,"timestamp":"Tue Feb 08 2022 13:13:47 GMT+0700 (Western Indonesia Time)","url":"/products/quick-check-stocks?id=5"}
{"contentLength":"-","level":"info","message":"HTTP Access Log","method":"GET","responseTime":4.373,"status":304,"timestamp":"Tue Feb 08 2022 13:13:47 GMT+0700 (Western Indonesia Time)","url":"/products/quick-check-stocks?id=5"}
{"contentLength":"0","level":"info","message":"HTTP Access Log","method":"OPTIONS","responseTime":0.485,"status":204,"timestamp":"Tue Feb 08 2022 13:13:49 GMT+0700 (Western Indonesia Time)","url":"/cart/edit-Qtyitem-in-cart/17?quantity=15001"}
{"contentLength":"50","level":"info","message":"HTTP Access Log","method":"PATCH","responseTime":10.252,"status":200,"timestamp":"Tue Feb 08 2022 13:13:49 GMT+0700 (Western Indonesia Time)","url":"/cart/edit-Qtyitem-in-cart/17?quantity=15001"}
{"contentLength":"565","level":"info","message":"HTTP Access Log","method":"GET","responseTime":5.568,"status":200,"timestamp":"Tue Feb 08 2022 13:13:49 GMT+0700 (Western Indonesia Time)","url":"/cart/get-my-cart?id_user=225"}
{"contentLength":"0","level":"info","message":"HTTP Access Log","method":"OPTIONS","responseTime":0.355,"status":204,"timestamp":"Tue Feb 08 2022 13:13:56 GMT+0700 (Western Indonesia Time)","url":"/users/keep-login"}
{"contentLength":"108","level":"info","message":"HTTP Access Log","method":"POST","responseTime":14.24,"status":200,"timestamp":"Tue Feb 08 2022 13:13:56 GMT+0700 (Western Indonesia Time)","url":"/users/keep-login"}
{"contentLength":"-","level":"info","message":"HTTP Access Log","method":"GET","responseTime":8.921,"status":304,"timestamp":"Tue Feb 08 2022 13:13:56 GMT+0700 (Western Indonesia Time)","url":"/cart/get-my-cart?id_user=225"}
{"contentLength":"-","level":"info","message":"HTTP Access Log","method":"GET","responseTime":5.724,"status":304,"timestamp":"Tue Feb 08 2022 13:26:41 GMT+0700 (Western Indonesia Time)","url":"/users/get-profile?id_user=225"}
{"contentLength":"-","level":"info","message":"HTTP Access Log","method":"GET","responseTime":5.333,"status":304,"timestamp":"Tue Feb 08 2022 13:26:44 GMT+0700 (Western Indonesia Time)","url":"/users/get-profile?id_user=225"}
{"contentLength":"-","level":"info","message":"HTTP Access Log","method":"GET","responseTime":3.849,"status":304,"timestamp":"Tue Feb 08 2022 13:26:59 GMT+0700 (Western Indonesia Time)","url":"/users/get-profile?id_user=225"}
{"contentLength":"-","level":"info","message":"HTTP Access Log","method":"GET","responseTime":7.385,"status":304,"timestamp":"Tue Feb 08 2022 13:27:04 GMT+0700 (Western Indonesia Time)","url":"/users/get-profile?id_user=225"}
{"contentLength":"0","level":"info","message":"HTTP Access Log","method":"OPTIONS","responseTime":0.91,"status":204,"timestamp":"Tue Feb 08 2022 13:27:39 GMT+0700 (Western Indonesia Time)","url":"/users/edit-profile/225"}
{"contentLength":"147","level":"info","message":"HTTP Access Log","method":"PATCH","responseTime":23.998,"status":200,"timestamp":"Tue Feb 08 2022 13:27:39 GMT+0700 (Western Indonesia Time)","url":"/users/edit-profile/225"}
{"contentLength":"388","level":"info","message":"HTTP Access Log","method":"GET","responseTime":3.781,"status":200,"timestamp":"Tue Feb 08 2022 13:27:39 GMT+0700 (Western Indonesia Time)","url":"/users/get-profile?id_user=225"}
{"contentLength":"-","level":"info","message":"HTTP Access Log","method":"GET","responseTime":7.228,"status":304,"timestamp":"Tue Feb 08 2022 13:27:48 GMT+0700 (Western Indonesia Time)","url":"/users/get-profile?id_user=225"}
{"contentLength":"-","level":"info","message":"HTTP Access Log","method":"GET","responseTime":3.811,"status":304,"timestamp":"Tue Feb 08 2022 13:27:52 GMT+0700 (Western Indonesia Time)","url":"/users/get-profile?id_user=225"}
{"contentLength":"-","level":"info","message":"HTTP Access Log","method":"GET","responseTime":23.833,"status":304,"timestamp":"Tue Feb 08 2022 13:36:30 GMT+0700 (Western Indonesia Time)","url":"/products?page=1&productName=&category=&sortBy="}
{"contentLength":"-","level":"info","message":"HTTP Access Log","method":"GET","responseTime":6.217,"status":304,"timestamp":"Tue Feb 08 2022 13:36:36 GMT+0700 (Western Indonesia Time)","url":"/products?page=1&productName=&category=&sortBy="}
{"contentLength":"0","level":"info","message":"HTTP Access Log","method":"OPTIONS","responseTime":5.681,"status":204,"timestamp":"Tue Feb 08 2022 13:49:19 GMT+0700 (Western Indonesia Time)","url":"/users/login"}
{"contentLength":"915","level":"info","message":"HTTP Access Log","method":"POST","responseTime":101.445,"status":200,"timestamp":"Tue Feb 08 2022 13:49:19 GMT+0700 (Western Indonesia Time)","url":"/users/login"}
{"contentLength":"-","level":"info","message":"HTTP Access Log","method":"GET","responseTime":20.416,"status":304,"timestamp":"Tue Feb 08 2022 13:49:20 GMT+0700 (Western Indonesia Time)","url":"/products?page=1&productName=&category=&sortBy="}
{"contentLength":"-","level":"info","message":"HTTP Access Log","method":"GET","responseTime":10.65,"status":304,"timestamp":"Tue Feb 08 2022 13:49:20 GMT+0700 (Western Indonesia Time)","url":"/images/imagesproduct-image/product-image1634355851228.jpg"}
{"contentLength":"-","level":"info","message":"HTTP Access Log","method":"GET","responseTime":16.874,"status":304,"timestamp":"Tue Feb 08 2022 13:49:20 GMT+0700 (Western Indonesia Time)","url":"/images/imagesproduct-image/product-image1634355096845.jpg"}
{"contentLength":"-","level":"info","message":"HTTP Access Log","method":"GET","responseTime":20.676,"status":304,"timestamp":"Tue Feb 08 2022 13:49:20 GMT+0700 (Western Indonesia Time)","url":"/images/imagesproduct-image/product-image1634355120672.jpg"}
{"contentLength":"-","level":"info","message":"HTTP Access Log","method":"GET","responseTime":23.57,"status":304,"timestamp":"Tue Feb 08 2022 13:49:20 GMT+0700 (Western Indonesia Time)","url":"/images/imagesproduct-image/product-image1634355575135.jpg"}
{"contentLength":"-","level":"info","message":"HTTP Access Log","method":"GET","responseTime":26.566,"status":304,"timestamp":"Tue Feb 08 2022 13:49:20 GMT+0700 (Western Indonesia Time)","url":"/images/imagesproduct-image/product-image1634355707577.jpg"}
{"contentLength":"-","level":"info","message":"HTTP Access Log","method":"GET","responseTime":2.375,"status":304,"timestamp":"Tue Feb 08 2022 13:49:20 GMT+0700 (Western Indonesia Time)","url":"/images/imagesproduct-image/product-image1634355920678.jpg"}
{"contentLength":"-","level":"info","message":"HTTP Access Log","method":"GET","responseTime":18.857,"status":304,"timestamp":"Tue Feb 08 2022 13:49:22 GMT+0700 (Western Indonesia Time)","url":"/cart/get-my-cart?id_user=225"}
{"contentLength":"0","level":"info","message":"HTTP Access Log","method":"OPTIONS","responseTime":0.735,"status":204,"timestamp":"Tue Feb 08 2022 13:49:31 GMT+0700 (Western Indonesia Time)","url":"/users/keep-login"}
{"contentLength":"108","level":"info","message":"HTTP Access Log","method":"POST","responseTime":25.667,"status":200,"timestamp":"Tue Feb 08 2022 13:49:31 GMT+0700 (Western Indonesia Time)","url":"/users/keep-login"}
{"contentLength":"-","level":"info","message":"HTTP Access Log","method":"GET","responseTime":18.623,"status":304,"timestamp":"Tue Feb 08 2022 13:49:31 GMT+0700 (Western Indonesia Time)","url":"/cart/get-my-cart?id_user=225"}
{"contentLength":"-","level":"info","message":"HTTP Access Log","method":"GET","responseTime":5.423,"status":304,"timestamp":"Tue Feb 08 2022 13:49:33 GMT+0700 (Western Indonesia Time)","url":"/images/imagesproduct-image/product-image1634355851228.jpg"}
{"contentLength":"-","level":"info","message":"HTTP Access Log","method":"GET","responseTime":2.431,"status":304,"timestamp":"Tue Feb 08 2022 13:49:33 GMT+0700 (Western Indonesia Time)","url":"/images/imagesproduct-image/product-image1634355707577.jpg"}
{"contentLength":"-","level":"info","message":"HTTP Access Log","method":"GET","responseTime":4.643,"status":304,"timestamp":"Tue Feb 08 2022 13:49:33 GMT+0700 (Western Indonesia Time)","url":"/images/imagesproduct-image/product-image1634355120672.jpg"}
{"contentLength":"-","level":"info","message":"HTTP Access Log","method":"GET","responseTime":6.186,"status":304,"timestamp":"Tue Feb 08 2022 13:49:33 GMT+0700 (Western Indonesia Time)","url":"/cart/get-my-cart?id_user=225"}
{"contentLength":"-","level":"info","message":"HTTP Access Log","method":"GET","responseTime":14.876,"status":304,"timestamp":"Tue Feb 08 2022 13:49:35 GMT+0700 (Western Indonesia Time)","url":"/products/quick-check-stocks?id=4"}
{"contentLength":"0","level":"info","message":"HTTP Access Log","method":"OPTIONS","responseTime":0.47,"status":204,"timestamp":"Tue Feb 08 2022 13:49:37 GMT+0700 (Western Indonesia Time)","url":"/cart/edit-Qtyitem-in-cart/19?quantity=3"}
{"contentLength":"50","level":"info","message":"HTTP Access Log","method":"PATCH","responseTime":16.892,"status":200,"timestamp":"Tue Feb 08 2022 13:49:37 GMT+0700 (Western Indonesia Time)","url":"/cart/edit-Qtyitem-in-cart/19?quantity=3"}
{"contentLength":"565","level":"info","message":"HTTP Access Log","method":"GET","responseTime":6.972,"status":200,"timestamp":"Tue Feb 08 2022 13:49:37 GMT+0700 (Western Indonesia Time)","url":"/cart/get-my-cart?id_user=225"}
{"contentLength":"0","level":"info","message":"HTTP Access Log","method":"OPTIONS","responseTime":0.472,"status":204,"timestamp":"Tue Feb 08 2022 13:49:41 GMT+0700 (Western Indonesia Time)","url":"/cart/delete-item-in-cart/17"}
{"contentLength":"62","level":"info","message":"HTTP Access Log","method":"DELETE","responseTime":13.871,"status":200,"timestamp":"Tue Feb 08 2022 13:49:41 GMT+0700 (Western Indonesia Time)","url":"/cart/delete-item-in-cart/17"}
{"contentLength":"381","level":"info","message":"HTTP Access Log","method":"GET","responseTime":7.247,"status":200,"timestamp":"Tue Feb 08 2022 13:49:41 GMT+0700 (Western Indonesia Time)","url":"/cart/get-my-cart?id_user=225"}
{"contentLength":"0","level":"info","message":"HTTP Access Log","method":"OPTIONS","responseTime":0.371,"status":204,"timestamp":"Tue Feb 08 2022 13:49:48 GMT+0700 (Western Indonesia Time)","url":"/cart/delete-item-in-cart/19"}
{"contentLength":"62","level":"info","message":"HTTP Access Log","method":"DELETE","responseTime":12.843,"status":200,"timestamp":"Tue Feb 08 2022 13:49:48 GMT+0700 (Western Indonesia Time)","url":"/cart/delete-item-in-cart/19"}
{"contentLength":"202","level":"info","message":"HTTP Access Log","method":"GET","responseTime":7.403,"status":200,"timestamp":"Tue Feb 08 2022 13:49:48 GMT+0700 (Western Indonesia Time)","url":"/cart/get-my-cart?id_user=225"}
{"contentLength":"0","level":"info","message":"HTTP Access Log","method":"OPTIONS","responseTime":0.383,"status":204,"timestamp":"Tue Feb 08 2022 13:49:53 GMT+0700 (Western Indonesia Time)","url":"/users/keep-login"}
{"contentLength":"108","level":"info","message":"HTTP Access Log","method":"POST","responseTime":18.284,"status":200,"timestamp":"Tue Feb 08 2022 13:49:53 GMT+0700 (Western Indonesia Time)","url":"/users/keep-login"}
{"contentLength":"-","level":"info","message":"HTTP Access Log","method":"GET","responseTime":16.745,"status":304,"timestamp":"Tue Feb 08 2022 13:49:53 GMT+0700 (Western Indonesia Time)","url":"/cart/get-my-cart?id_user=225"}
{"contentLength":"-","level":"info","message":"HTTP Access Log","method":"GET","responseTime":5.433,"status":304,"timestamp":"Tue Feb 08 2022 13:49:53 GMT+0700 (Western Indonesia Time)","url":"/cart/get-my-cart?id_user=225"}
{"contentLength":"-","level":"info","message":"HTTP Access Log","method":"GET","responseTime":1.393,"status":304,"timestamp":"Tue Feb 08 2022 13:49:53 GMT+0700 (Western Indonesia Time)","url":"/images/imagesproduct-image/product-image1634355120672.jpg"}
{"contentLength":"-","level":"info","message":"HTTP Access Log","method":"GET","responseTime":9.761,"status":304,"timestamp":"Tue Feb 08 2022 13:49:58 GMT+0700 (Western Indonesia Time)","url":"/products?page=1&productName=&category=&sortBy="}
{"contentLength":"-","level":"info","message":"HTTP Access Log","method":"GET","responseTime":1.989,"status":304,"timestamp":"Tue Feb 08 2022 13:49:58 GMT+0700 (Western Indonesia Time)","url":"/images/imagesproduct-image/product-image1634355096845.jpg"}
{"contentLength":"-","level":"info","message":"HTTP Access Log","method":"GET","responseTime":6.45,"status":304,"timestamp":"Tue Feb 08 2022 13:49:58 GMT+0700 (Western Indonesia Time)","url":"/images/imagesproduct-image/product-image1634355920678.jpg"}
{"contentLength":"-","level":"info","message":"HTTP Access Log","method":"GET","responseTime":8.689,"status":304,"timestamp":"Tue Feb 08 2022 13:49:58 GMT+0700 (Western Indonesia Time)","url":"/images/imagesproduct-image/product-image1634355575135.jpg"}
{"contentLength":"-","level":"info","message":"HTTP Access Log","method":"GET","responseTime":10.203,"status":304,"timestamp":"Tue Feb 08 2022 13:49:58 GMT+0700 (Western Indonesia Time)","url":"/images/imagesproduct-image/product-image1634355707577.jpg"}
{"contentLength":"-","level":"info","message":"HTTP Access Log","method":"GET","responseTime":10.792,"status":304,"timestamp":"Tue Feb 08 2022 13:49:58 GMT+0700 (Western Indonesia Time)","url":"/images/imagesproduct-image/product-image1634355851228.jpg"}
{"contentLength":"53","level":"info","message":"HTTP Access Log","method":"POST","responseTime":14.369,"status":201,"timestamp":"Tue Feb 08 2022 13:50:00 GMT+0700 (Western Indonesia Time)","url":"/cart/add-from-product-list/4?quantity=1&id_user=225"}
{"contentLength":"53","level":"info","message":"HTTP Access Log","method":"POST","responseTime":10.747,"status":201,"timestamp":"Tue Feb 08 2022 13:50:01 GMT+0700 (Western Indonesia Time)","url":"/cart/add-from-product-list/5?quantity=1&id_user=225"}
{"contentLength":"53","level":"info","message":"HTTP Access Log","method":"POST","responseTime":13.466,"status":201,"timestamp":"Tue Feb 08 2022 13:50:03 GMT+0700 (Western Indonesia Time)","url":"/cart/add-from-product-list/3?quantity=1&id_user=225"}
{"contentLength":"734","level":"info","message":"HTTP Access Log","method":"GET","responseTime":7.574,"status":200,"timestamp":"Tue Feb 08 2022 13:50:05 GMT+0700 (Western Indonesia Time)","url":"/cart/get-my-cart?id_user=225"}
{"contentLength":"0","level":"info","message":"HTTP Access Log","method":"OPTIONS","responseTime":0.393,"status":204,"timestamp":"Tue Feb 08 2022 13:50:12 GMT+0700 (Western Indonesia Time)","url":"/cart/delete-item-in-cart/25"}
{"contentLength":"62","level":"info","message":"HTTP Access Log","method":"DELETE","responseTime":11.109,"status":200,"timestamp":"Tue Feb 08 2022 13:50:12 GMT+0700 (Western Indonesia Time)","url":"/cart/delete-item-in-cart/25"}
{"contentLength":"557","level":"info","message":"HTTP Access Log","method":"GET","responseTime":7.094,"status":200,"timestamp":"Tue Feb 08 2022 13:50:12 GMT+0700 (Western Indonesia Time)","url":"/cart/get-my-cart?id_user=225"}
{"contentLength":"0","level":"info","message":"HTTP Access Log","method":"OPTIONS","responseTime":0.327,"status":204,"timestamp":"Tue Feb 08 2022 13:50:15 GMT+0700 (Western Indonesia Time)","url":"/users/keep-login"}
{"contentLength":"108","level":"info","message":"HTTP Access Log","method":"POST","responseTime":9.871,"status":200,"timestamp":"Tue Feb 08 2022 13:50:15 GMT+0700 (Western Indonesia Time)","url":"/users/keep-login"}
{"contentLength":"-","level":"info","message":"HTTP Access Log","method":"GET","responseTime":7.584,"status":304,"timestamp":"Tue Feb 08 2022 13:50:15 GMT+0700 (Western Indonesia Time)","url":"/cart/get-my-cart?id_user=225"}
{"contentLength":"-","level":"info","message":"HTTP Access Log","method":"GET","responseTime":5.842,"status":304,"timestamp":"Tue Feb 08 2022 13:50:15 GMT+0700 (Western Indonesia Time)","url":"/cart/get-my-cart?id_user=225"}
{"contentLength":"-","level":"info","message":"HTTP Access Log","method":"GET","responseTime":1.248,"status":304,"timestamp":"Tue Feb 08 2022 13:50:15 GMT+0700 (Western Indonesia Time)","url":"/images/imagesproduct-image/product-image1634355707577.jpg"}
{"contentLength":"-","level":"info","message":"HTTP Access Log","method":"GET","responseTime":1.271,"status":304,"timestamp":"Tue Feb 08 2022 13:50:15 GMT+0700 (Western Indonesia Time)","url":"/images/imagesproduct-image/product-image1634355851228.jpg"}
{"contentLength":"-","level":"info","message":"HTTP Access Log","method":"GET","responseTime":1.339,"status":304,"timestamp":"Tue Feb 08 2022 13:50:15 GMT+0700 (Western Indonesia Time)","url":"/images/imagesproduct-image/product-image1634355575135.jpg"}
{"contentLength":"-","level":"info","message":"HTTP Access Log","method":"GET","responseTime":4.904,"status":304,"timestamp":"Tue Feb 08 2022 13:50:23 GMT+0700 (Western Indonesia Time)","url":"/products/quick-check-stocks?id=3"}
{"contentLength":"-","level":"info","message":"HTTP Access Log","method":"GET","responseTime":3.876,"status":304,"timestamp":"Tue Feb 08 2022 13:50:23 GMT+0700 (Western Indonesia Time)","url":"/products/quick-check-stocks?id=3"}
{"contentLength":"-","level":"info","message":"HTTP Access Log","method":"GET","responseTime":4.359,"status":304,"timestamp":"Tue Feb 08 2022 13:50:23 GMT+0700 (Western Indonesia Time)","url":"/products/quick-check-stocks?id=3"}
{"contentLength":"-","level":"info","message":"HTTP Access Log","method":"GET","responseTime":4.958,"status":304,"timestamp":"Tue Feb 08 2022 13:50:23 GMT+0700 (Western Indonesia Time)","url":"/products/quick-check-stocks?id=3"}
{"contentLength":"-","level":"info","message":"HTTP Access Log","method":"GET","responseTime":3.995,"status":304,"timestamp":"Tue Feb 08 2022 13:50:24 GMT+0700 (Western Indonesia Time)","url":"/products/quick-check-stocks?id=3"}
{"contentLength":"0","level":"info","message":"HTTP Access Log","method":"OPTIONS","responseTime":0.304,"status":204,"timestamp":"Tue Feb 08 2022 13:50:26 GMT+0700 (Western Indonesia Time)","url":"/cart/edit-Qtyitem-in-cart/28?quantity=15001"}
{"contentLength":"50","level":"info","message":"HTTP Access Log","method":"PATCH","responseTime":9.084,"status":200,"timestamp":"Tue Feb 08 2022 13:50:26 GMT+0700 (Western Indonesia Time)","url":"/cart/edit-Qtyitem-in-cart/28?quantity=15001"}
{"contentLength":"565","level":"info","message":"HTTP Access Log","method":"GET","responseTime":5.053,"status":200,"timestamp":"Tue Feb 08 2022 13:50:26 GMT+0700 (Western Indonesia Time)","url":"/cart/get-my-cart?id_user=225"}
{"contentLength":"0","level":"info","message":"HTTP Access Log","method":"OPTIONS","responseTime":0.362,"status":204,"timestamp":"Tue Feb 08 2022 13:50:28 GMT+0700 (Western Indonesia Time)","url":"/cart/delete-item-in-cart/28"}
{"contentLength":"62","level":"info","message":"HTTP Access Log","method":"DELETE","responseTime":10.227,"status":200,"timestamp":"Tue Feb 08 2022 13:50:28 GMT+0700 (Western Indonesia Time)","url":"/cart/delete-item-in-cart/28"}
{"contentLength":"380","level":"info","message":"HTTP Access Log","method":"GET","responseTime":5.524,"status":200,"timestamp":"Tue Feb 08 2022 13:50:28 GMT+0700 (Western Indonesia Time)","url":"/cart/get-my-cart?id_user=225"}
{"contentLength":"-","level":"info","message":"HTTP Access Log","method":"GET","responseTime":5.629,"status":304,"timestamp":"Tue Feb 08 2022 13:50:34 GMT+0700 (Western Indonesia Time)","url":"/products/quick-check-stocks?id=4"}
{"contentLength":"-","level":"info","message":"HTTP Access Log","method":"GET","responseTime":3.922,"status":304,"timestamp":"Tue Feb 08 2022 13:50:34 GMT+0700 (Western Indonesia Time)","url":"/products/quick-check-stocks?id=4"}
{"contentLength":"0","level":"info","message":"HTTP Access Log","method":"OPTIONS","responseTime":0.288,"status":204,"timestamp":"Tue Feb 08 2022 13:50:36 GMT+0700 (Western Indonesia Time)","url":"/cart/edit-Qtyitem-in-cart/26?quantity=100"}
{"contentLength":"50","level":"info","message":"HTTP Access Log","method":"PATCH","responseTime":8.884,"status":200,"timestamp":"Tue Feb 08 2022 13:50:36 GMT+0700 (Western Indonesia Time)","url":"/cart/edit-Qtyitem-in-cart/26?quantity=100"}
{"contentLength":"384","level":"info","message":"HTTP Access Log","method":"GET","responseTime":4.445,"status":200,"timestamp":"Tue Feb 08 2022 13:50:36 GMT+0700 (Western Indonesia Time)","url":"/cart/get-my-cart?id_user=225"}
{"contentLength":"0","level":"info","message":"HTTP Access Log","method":"OPTIONS","responseTime":0.297,"status":204,"timestamp":"Tue Feb 08 2022 13:50:39 GMT+0700 (Western Indonesia Time)","url":"/cart/delete-item-in-cart/26"}
{"contentLength":"62","level":"info","message":"HTTP Access Log","method":"DELETE","responseTime":12.748,"status":200,"timestamp":"Tue Feb 08 2022 13:50:39 GMT+0700 (Western Indonesia Time)","url":"/cart/delete-item-in-cart/26"}
{"contentLength":"201","level":"info","message":"HTTP Access Log","method":"GET","responseTime":5.992,"status":200,"timestamp":"Tue Feb 08 2022 13:50:39 GMT+0700 (Western Indonesia Time)","url":"/cart/get-my-cart?id_user=225"}
{"contentLength":"0","level":"info","message":"HTTP Access Log","method":"OPTIONS","responseTime":0.941,"status":204,"timestamp":"Tue Feb 08 2022 13:50:42 GMT+0700 (Western Indonesia Time)","url":"/users/keep-login"}
{"contentLength":"108","level":"info","message":"HTTP Access Log","method":"POST","responseTime":14.871,"status":200,"timestamp":"Tue Feb 08 2022 13:50:42 GMT+0700 (Western Indonesia Time)","url":"/users/keep-login"}
{"contentLength":"-","level":"info","message":"HTTP Access Log","method":"GET","responseTime":5.512,"status":304,"timestamp":"Tue Feb 08 2022 13:50:42 GMT+0700 (Western Indonesia Time)","url":"/cart/get-my-cart?id_user=225"}
{"contentLength":"-","level":"info","message":"HTTP Access Log","method":"GET","responseTime":6.777,"status":304,"timestamp":"Tue Feb 08 2022 13:50:42 GMT+0700 (Western Indonesia Time)","url":"/cart/get-my-cart?id_user=225"}
{"contentLength":"-","level":"info","message":"HTTP Access Log","method":"GET","responseTime":2.303,"status":304,"timestamp":"Tue Feb 08 2022 13:50:42 GMT+0700 (Western Indonesia Time)","url":"/images/imagesproduct-image/product-image1634355851228.jpg"}
{"contentLength":"-","level":"info","message":"HTTP Access Log","method":"GET","responseTime":4.05,"status":304,"timestamp":"Tue Feb 08 2022 13:50:45 GMT+0700 (Western Indonesia Time)","url":"/products/quick-check-stocks?id=5"}
{"contentLength":"0","level":"info","message":"HTTP Access Log","method":"OPTIONS","responseTime":0.301,"status":204,"timestamp":"Tue Feb 08 2022 13:50:47 GMT+0700 (Western Indonesia Time)","url":"/cart/edit-Qtyitem-in-cart/27?quantity=2"}
{"contentLength":"50","level":"info","message":"HTTP Access Log","method":"PATCH","responseTime":9.212,"status":200,"timestamp":"Tue Feb 08 2022 13:50:47 GMT+0700 (Western Indonesia Time)","url":"/cart/edit-Qtyitem-in-cart/27?quantity=2"}
{"contentLength":"201","level":"info","message":"HTTP Access Log","method":"GET","responseTime":5.266,"status":200,"timestamp":"Tue Feb 08 2022 13:50:47 GMT+0700 (Western Indonesia Time)","url":"/cart/get-my-cart?id_user=225"}
{"contentLength":"-","level":"info","message":"HTTP Access Log","method":"GET","responseTime":4.151,"status":304,"timestamp":"Tue Feb 08 2022 13:50:48 GMT+0700 (Western Indonesia Time)","url":"/products/quick-check-stocks?id=5"}
{"contentLength":"0","level":"info","message":"HTTP Access Log","method":"OPTIONS","responseTime":0.292,"status":204,"timestamp":"Tue Feb 08 2022 13:50:50 GMT+0700 (Western Indonesia Time)","url":"/cart/edit-Qtyitem-in-cart/27?quantity=3"}
{"contentLength":"50","level":"info","message":"HTTP Access Log","method":"PATCH","responseTime":10.271,"status":200,"timestamp":"Tue Feb 08 2022 13:50:50 GMT+0700 (Western Indonesia Time)","url":"/cart/edit-Qtyitem-in-cart/27?quantity=3"}
{"contentLength":"201","level":"info","message":"HTTP Access Log","method":"GET","responseTime":5.527,"status":200,"timestamp":"Tue Feb 08 2022 13:50:50 GMT+0700 (Western Indonesia Time)","url":"/cart/get-my-cart?id_user=225"}
{"contentLength":"-","level":"info","message":"HTTP Access Log","method":"GET","responseTime":3.385,"status":304,"timestamp":"Tue Feb 08 2022 13:50:51 GMT+0700 (Western Indonesia Time)","url":"/products/quick-check-stocks?id=5"}
{"contentLength":"0","level":"info","message":"HTTP Access Log","method":"OPTIONS","responseTime":0.319,"status":204,"timestamp":"Tue Feb 08 2022 13:50:53 GMT+0700 (Western Indonesia Time)","url":"/cart/edit-Qtyitem-in-cart/27?quantity=2"}
{"contentLength":"50","level":"info","message":"HTTP Access Log","method":"PATCH","responseTime":12.482,"status":200,"timestamp":"Tue Feb 08 2022 13:50:53 GMT+0700 (Western Indonesia Time)","url":"/cart/edit-Qtyitem-in-cart/27?quantity=2"}
{"contentLength":"201","level":"info","message":"HTTP Access Log","method":"GET","responseTime":5.676,"status":200,"timestamp":"Tue Feb 08 2022 13:50:53 GMT+0700 (Western Indonesia Time)","url":"/cart/get-my-cart?id_user=225"}
{"contentLength":"0","level":"info","message":"HTTP Access Log","method":"OPTIONS","responseTime":0.542,"status":204,"timestamp":"Tue Feb 08 2022 13:50:58 GMT+0700 (Western Indonesia Time)","url":"/users/keep-login"}
{"contentLength":"108","level":"info","message":"HTTP Access Log","method":"POST","responseTime":13.44,"status":200,"timestamp":"Tue Feb 08 2022 13:50:58 GMT+0700 (Western Indonesia Time)","url":"/users/keep-login"}
{"contentLength":"-","level":"info","message":"HTTP Access Log","method":"GET","responseTime":8.793,"status":304,"timestamp":"Tue Feb 08 2022 13:50:58 GMT+0700 (Western Indonesia Time)","url":"/cart/get-my-cart?id_user=225"}
{"contentLength":"-","level":"info","message":"HTTP Access Log","method":"GET","responseTime":13.406,"status":304,"timestamp":"Tue Feb 08 2022 13:51:06 GMT+0700 (Western Indonesia Time)","url":"/products?page=1&productName=&category=&sortBy="}
{"contentLength":"-","level":"info","message":"HTTP Access Log","method":"GET","responseTime":1.145,"status":304,"timestamp":"Tue Feb 08 2022 13:51:06 GMT+0700 (Western Indonesia Time)","url":"/images/imagesproduct-image/product-image1634355851228.jpg"}
{"contentLength":"-","level":"info","message":"HTTP Access Log","method":"GET","responseTime":1.752,"status":304,"timestamp":"Tue Feb 08 2022 13:51:07 GMT+0700 (Western Indonesia Time)","url":"/images/imagesproduct-image/product-image1634355096845.jpg"}
{"contentLength":"-","level":"info","message":"HTTP Access Log","method":"GET","responseTime":5.489,"status":304,"timestamp":"Tue Feb 08 2022 13:51:07 GMT+0700 (Western Indonesia Time)","url":"/images/imagesproduct-image/product-image1634355120672.jpg"}
{"contentLength":"-","level":"info","message":"HTTP Access Log","method":"GET","responseTime":6.75,"status":304,"timestamp":"Tue Feb 08 2022 13:51:07 GMT+0700 (Western Indonesia Time)","url":"/images/imagesproduct-image/product-image1634355920678.jpg"}
{"contentLength":"-","level":"info","message":"HTTP Access Log","method":"GET","responseTime":8.357,"status":304,"timestamp":"Tue Feb 08 2022 13:51:07 GMT+0700 (Western Indonesia Time)","url":"/images/imagesproduct-image/product-image1634355575135.jpg"}
{"contentLength":"-","level":"info","message":"HTTP Access Log","method":"GET","responseTime":10.457,"status":304,"timestamp":"Tue Feb 08 2022 13:51:07 GMT+0700 (Western Indonesia Time)","url":"/images/imagesproduct-image/product-image1634355707577.jpg"}
{"contentLength":"0","level":"info","message":"HTTP Access Log","method":"OPTIONS","responseTime":0.38,"status":204,"timestamp":"Tue Feb 08 2022 13:51:37 GMT+0700 (Western Indonesia Time)","url":"/users/login"}
{"contentLength":"908","level":"info","message":"HTTP Access Log","method":"POST","responseTime":20.001,"status":200,"timestamp":"Tue Feb 08 2022 13:51:37 GMT+0700 (Western Indonesia Time)","url":"/users/login"}
{"contentLength":"2727","level":"info","message":"HTTP Access Log","method":"GET","responseTime":10.449,"status":200,"timestamp":"Tue Feb 08 2022 13:51:37 GMT+0700 (Western Indonesia Time)","url":"/products/product-admin?page=1&sortBy="}
{"contentLength":"-","level":"info","message":"HTTP Access Log","method":"GET","responseTime":5.452,"status":304,"timestamp":"Tue Feb 08 2022 13:51:37 GMT+0700 (Western Indonesia Time)","url":"/images/imagesproduct-image/product-image1634355096845.jpg"}
{"contentLength":"-","level":"info","message":"HTTP Access Log","method":"GET","responseTime":7.628,"status":304,"timestamp":"Tue Feb 08 2022 13:51:37 GMT+0700 (Western Indonesia Time)","url":"/images/imagesproduct-image/product-image1634355120672.jpg"}
{"contentLength":"-","level":"info","message":"HTTP Access Log","method":"GET","responseTime":9.708,"status":304,"timestamp":"Tue Feb 08 2022 13:51:37 GMT+0700 (Western Indonesia Time)","url":"/images/imagesproduct-image/product-image1634355575135.jpg"}
{"contentLength":"-","level":"info","message":"HTTP Access Log","method":"GET","responseTime":11.687,"status":304,"timestamp":"Tue Feb 08 2022 13:51:37 GMT+0700 (Western Indonesia Time)","url":"/images/imagesproduct-image/product-image1634355707577.jpg"}
{"contentLength":"-","level":"info","message":"HTTP Access Log","method":"GET","responseTime":20.211,"status":304,"timestamp":"Tue Feb 08 2022 13:51:37 GMT+0700 (Western Indonesia Time)","url":"/images/imagesproduct-image/product-image1634355851228.jpg"}
{"contentLength":"-","level":"info","message":"HTTP Access Log","method":"GET","responseTime":8.133,"status":304,"timestamp":"Tue Feb 08 2022 13:51:37 GMT+0700 (Western Indonesia Time)","url":"/images/imagesproduct-image/product-image1634355920678.jpg"}
{"contentLength":"-","level":"info","message":"HTTP Access Log","method":"GET","responseTime":10.018,"status":304,"timestamp":"Tue Feb 08 2022 13:51:41 GMT+0700 (Western Indonesia Time)","url":"/products/product-admin?page=1&sortBy="}
{"contentLength":"20495","level":"info","message":"HTTP Access Log","method":"GET","responseTime":207.548,"status":200,"timestamp":"Tue Feb 08 2022 13:51:42 GMT+0700 (Western Indonesia Time)","url":"/permintaan-produk?pages=0&maxpage=10&id_warehouse=1&from_warehouse=1&to_warehouse=1"}
{"contentLength":"15551","level":"info","message":"HTTP Access Log","method":"GET","responseTime":77.731,"status":200,"timestamp":"Tue Feb 08 2022 13:51:43 GMT+0700 (Western Indonesia Time)","url":"/history-persediaan-produk?pages=0&maxpage=10&id_warehouse=1"}
{"contentLength":"20413","level":"info","message":"HTTP Access Log","method":"GET","responseTime":155.833,"status":200,"timestamp":"Tue Feb 08 2022 13:51:46 GMT+0700 (Western Indonesia Time)","url":"/history-transaksi-produk?pages=0&maxpage=10&id_warehouse=1"}
{"contentLength":"503","level":"info","message":"HTTP Access Log","method":"GET","responseTime":12.022,"status":200,"timestamp":"Tue Feb 08 2022 13:52:01 GMT+0700 (Western Indonesia Time)","url":"/utility/filter-provinsi?nm_propinsi=jaw"}
{"contentLength":"503","level":"info","message":"HTTP Access Log","method":"GET","responseTime":8.307,"status":200,"timestamp":"Tue Feb 08 2022 13:52:07 GMT+0700 (Western Indonesia Time)","url":"/utility/filter-provinsi?nm_propinsi=jawa"}
{"contentLength":"517","level":"info","message":"HTTP Access Log","method":"GET","responseTime":8.456,"status":200,"timestamp":"Tue Feb 08 2022 13:52:26 GMT+0700 (Western Indonesia Time)","url":"/utility/filter-provinsi?nm_propinsi=sum"}
{"contentLength":"517","level":"info","message":"HTTP Access Log","method":"GET","responseTime":7.882,"status":200,"timestamp":"Tue Feb 08 2022 13:52:28 GMT+0700 (Western Indonesia Time)","url":"/utility/filter-provinsi?nm_propinsi=suma"}
{"contentLength":"24","level":"info","message":"HTTP Access Log","method":"GET","responseTime":10.349,"status":200,"timestamp":"Tue Feb 08 2022 13:53:00 GMT+0700 (Western Indonesia Time)","url":"/utility/filter-provinsi?nm_propinsi=jawava"}
{"contentLength":"24","level":"info","message":"HTTP Access Log","method":"GET","responseTime":7.566,"status":200,"timestamp":"Tue Feb 08 2022 13:53:01 GMT+0700 (Western Indonesia Time)","url":"/utility/filter-provinsi?nm_propinsi=jawav"}
{"contentLength":"24","level":"info","message":"HTTP Access Log","method":"GET","responseTime":7.256,"status":200,"timestamp":"Tue Feb 08 2022 13:53:03 GMT+0700 (Western Indonesia Time)","url":"/utility/filter-provinsi?nm_propinsi=jawabar"}
{"contentLength":"1012","level":"info","message":"HTTP Access Log","method":"GET","responseTime":8.638,"status":200,"timestamp":"Tue Feb 08 2022 13:53:08 GMT+0700 (Western Indonesia Time)","url":"/utility/filter-provinsi?nm_propinsi=barat"}
{"contentLength":"0","level":"info","message":"HTTP Access Log","method":"OPTIONS","responseTime":0.452,"status":204,"timestamp":"Tue Feb 08 2022 13:53:41 GMT+0700 (Western Indonesia Time)","url":"/users/keep-login"}
{"contentLength":"117","level":"info","message":"HTTP Access Log","method":"POST","responseTime":20.013,"status":200,"timestamp":"Tue Feb 08 2022 13:53:41 GMT+0700 (Western Indonesia Time)","url":"/users/keep-login"}
{"contentLength":"26","level":"info","message":"HTTP Access Log","method":"GET","responseTime":18.572,"status":200,"timestamp":"Tue Feb 08 2022 13:53:41 GMT+0700 (Western Indonesia Time)","url":"/cart/get-my-cart?id_user=2"}
{"contentLength":"-","level":"info","message":"HTTP Access Log","method":"GET","responseTime":8.714,"status":304,"timestamp":"Tue Feb 08 2022 13:53:52 GMT+0700 (Western Indonesia Time)","url":"/utility/filter-provinsi?nm_propinsi=jaw"}
{"contentLength":"-","level":"info","message":"HTTP Access Log","method":"GET","responseTime":9.042,"status":304,"timestamp":"Tue Feb 08 2022 13:53:58 GMT+0700 (Western Indonesia Time)","url":"/utility/filter-provinsi?nm_propinsi=jawa"}
{"contentLength":"24","level":"info","message":"HTTP Access Log","method":"GET","responseTime":8.648,"status":200,"timestamp":"Tue Feb 08 2022 13:53:59 GMT+0700 (Western Indonesia Time)","url":"/utility/filter-provinsi?nm_propinsi=jawaa"}
{"contentLength":"24","level":"info","message":"HTTP Access Log","method":"GET","responseTime":7.473,"status":200,"timestamp":"Tue Feb 08 2022 13:54:00 GMT+0700 (Western Indonesia Time)","url":"/utility/filter-provinsi?nm_propinsi=jawaaa"}
{"contentLength":"653","level":"info","message":"HTTP Access Log","method":"GET","responseTime":14.979,"status":200,"timestamp":"Tue Feb 08 2022 13:54:12 GMT+0700 (Western Indonesia Time)","url":"/utility/filter-kabkota?nm_kabkota=bog"}
{"contentLength":"-","level":"info","message":"HTTP Access Log","method":"GET","responseTime":23.209,"status":304,"timestamp":"Tue Feb 08 2022 14:21:25 GMT+0700 (Western Indonesia Time)","url":"/products?page=1&productName=&category=&sortBy="}
{"contentLength":"-","level":"info","message":"HTTP Access Log","method":"GET","responseTime":13.217,"status":304,"timestamp":"Tue Feb 08 2022 14:21:25 GMT+0700 (Western Indonesia Time)","url":"/images/imagesproduct-image/product-image1634355096845.jpg"}
{"contentLength":"-","level":"info","message":"HTTP Access Log","method":"GET","responseTime":18.051,"status":304,"timestamp":"Tue Feb 08 2022 14:21:25 GMT+0700 (Western Indonesia Time)","url":"/images/imagesproduct-image/product-image1634355120672.jpg"}
{"contentLength":"-","level":"info","message":"HTTP Access Log","method":"GET","responseTime":20.443,"status":304,"timestamp":"Tue Feb 08 2022 14:21:25 GMT+0700 (Western Indonesia Time)","url":"/images/imagesproduct-image/product-image1634355575135.jpg"}
{"contentLength":"-","level":"info","message":"HTTP Access Log","method":"GET","responseTime":20.965,"status":304,"timestamp":"Tue Feb 08 2022 14:21:25 GMT+0700 (Western Indonesia Time)","url":"/images/imagesproduct-image/product-image1634355707577.jpg"}
{"contentLength":"-","level":"info","message":"HTTP Access Log","method":"GET","responseTime":27.523,"status":304,"timestamp":"Tue Feb 08 2022 14:21:25 GMT+0700 (Western Indonesia Time)","url":"/images/imagesproduct-image/product-image1634355920678.jpg"}
{"contentLength":"-","level":"info","message":"HTTP Access Log","method":"GET","responseTime":31.121,"status":304,"timestamp":"Tue Feb 08 2022 14:21:25 GMT+0700 (Western Indonesia Time)","url":"/images/imagesproduct-image/product-image1634355851228.jpg"}
{"contentLength":"0","level":"info","message":"HTTP Access Log","method":"OPTIONS","responseTime":0.872,"status":204,"timestamp":"Tue Feb 08 2022 14:21:38 GMT+0700 (Western Indonesia Time)","url":"/users/login"}
{"contentLength":"915","level":"info","message":"HTTP Access Log","method":"POST","responseTime":27.13,"status":200,"timestamp":"Tue Feb 08 2022 14:21:38 GMT+0700 (Western Indonesia Time)","url":"/users/login"}
{"contentLength":"-","level":"info","message":"HTTP Access Log","method":"GET","responseTime":5.923,"status":304,"timestamp":"Tue Feb 08 2022 14:21:38 GMT+0700 (Western Indonesia Time)","url":"/products?page=1&productName=&category=&sortBy="}
{"contentLength":"-","level":"info","message":"HTTP Access Log","method":"GET","responseTime":5.374,"status":304,"timestamp":"Tue Feb 08 2022 14:21:38 GMT+0700 (Western Indonesia Time)","url":"/images/imagesproduct-image/product-image1634355096845.jpg"}
{"contentLength":"-","level":"info","message":"HTTP Access Log","method":"GET","responseTime":7.05,"status":304,"timestamp":"Tue Feb 08 2022 14:21:38 GMT+0700 (Western Indonesia Time)","url":"/images/imagesproduct-image/product-image1634355120672.jpg"}
{"contentLength":"-","level":"info","message":"HTTP Access Log","method":"GET","responseTime":8.844,"status":304,"timestamp":"Tue Feb 08 2022 14:21:38 GMT+0700 (Western Indonesia Time)","url":"/images/imagesproduct-image/product-image1634355575135.jpg"}
{"contentLength":"-","level":"info","message":"HTTP Access Log","method":"GET","responseTime":12.914,"status":304,"timestamp":"Tue Feb 08 2022 14:21:38 GMT+0700 (Western Indonesia Time)","url":"/images/imagesproduct-image/product-image1634355707577.jpg"}
{"contentLength":"-","level":"info","message":"HTTP Access Log","method":"GET","responseTime":6.071,"status":304,"timestamp":"Tue Feb 08 2022 14:21:38 GMT+0700 (Western Indonesia Time)","url":"/images/imagesproduct-image/product-image1634355851228.jpg"}
{"contentLength":"-","level":"info","message":"HTTP Access Log","method":"GET","responseTime":5.705,"status":304,"timestamp":"Tue Feb 08 2022 14:21:38 GMT+0700 (Western Indonesia Time)","url":"/images/imagesproduct-image/product-image1634355920678.jpg"}
{"contentLength":"0","level":"info","message":"HTTP Access Log","method":"OPTIONS","responseTime":0.334,"status":204,"timestamp":"Tue Feb 08 2022 14:21:45 GMT+0700 (Western Indonesia Time)","url":"/users/keep-login"}
{"contentLength":"108","level":"info","message":"HTTP Access Log","method":"POST","responseTime":13.885,"status":200,"timestamp":"Tue Feb 08 2022 14:21:45 GMT+0700 (Western Indonesia Time)","url":"/users/keep-login"}
{"contentLength":"-","level":"info","message":"HTTP Access Log","method":"GET","responseTime":18.788,"status":304,"timestamp":"Tue Feb 08 2022 14:21:45 GMT+0700 (Western Indonesia Time)","url":"/cart/get-my-cart?id_user=225"}
{"contentLength":"0","level":"info","message":"HTTP Access Log","method":"OPTIONS","responseTime":3.216,"status":204,"timestamp":"Tue Feb 08 2022 14:22:54 GMT+0700 (Western Indonesia Time)","url":"/users/keep-login"}
{"contentLength":"108","level":"info","message":"HTTP Access Log","method":"POST","responseTime":76.005,"status":200,"timestamp":"Tue Feb 08 2022 14:22:54 GMT+0700 (Western Indonesia Time)","url":"/users/keep-login"}
{"contentLength":"-","level":"info","message":"HTTP Access Log","method":"GET","responseTime":18.351,"status":304,"timestamp":"Tue Feb 08 2022 14:22:54 GMT+0700 (Western Indonesia Time)","url":"/cart/get-my-cart?id_user=225"}
{"contentLength":"0","level":"info","message":"HTTP Access Log","method":"OPTIONS","responseTime":0.587,"status":204,"timestamp":"Tue Feb 08 2022 14:23:01 GMT+0700 (Western Indonesia Time)","url":"/users/keep-login"}
{"contentLength":"108","level":"info","message":"HTTP Access Log","method":"POST","responseTime":18.077,"status":200,"timestamp":"Tue Feb 08 2022 14:23:01 GMT+0700 (Western Indonesia Time)","url":"/users/keep-login"}
{"contentLength":"-","level":"info","message":"HTTP Access Log","method":"GET","responseTime":7.785,"status":304,"timestamp":"Tue Feb 08 2022 14:23:01 GMT+0700 (Western Indonesia Time)","url":"/cart/get-my-cart?id_user=225"}
{"contentLength":"108","level":"info","message":"HTTP Access Log","method":"POST","responseTime":14.709,"status":200,"timestamp":"Tue Feb 08 2022 14:23:05 GMT+0700 (Western Indonesia Time)","url":"/users/keep-login"}
{"contentLength":"-","level":"info","message":"HTTP Access Log","method":"GET","responseTime":7.448,"status":304,"timestamp":"Tue Feb 08 2022 14:23:05 GMT+0700 (Western Indonesia Time)","url":"/cart/get-my-cart?id_user=225"}
{"date":"Tue Feb 08 2022 14:42:58 GMT+0700 (Western Indonesia Time)","error":{"client":"mysql","name":"DBError","nativeError":{"code":"ER_BAD_FIELD_ERROR","errno":1054,"sql":"select `app_data_alamat_user`.* from `app_data_alamat_user` where `app_data_alamat_user`.`deleted_at` is null and id_user=undefined  limit 10","sqlMessage":"Unknown column 'undefined' in 'where clause'","sqlState":"42S22"}},"exception":true,"level":"error","message":"uncaughtException: select `app_data_alamat_user`.* from `app_data_alamat_user` where `app_data_alamat_user`.`deleted_at` is null and id_user=undefined  limit 10 - Unknown column 'undefined' in 'where clause'\nDBError: select `app_data_alamat_user`.* from `app_data_alamat_user` where `app_data_alamat_user`.`deleted_at` is null and id_user=undefined  limit 10 - Unknown column 'undefined' in 'where clause'\n    at wrapError (C:\\Users\\adela\\OneDrive\\Desktop\\Learning\\Final-Project\\PWD-Warehouse-3-JCWM01\\node_modules\\db-errors\\lib\\dbErrors.js:19:14)\n    at handleExecuteError (C:\\Users\\adela\\OneDrive\\Desktop\\Learning\\Final-Project\\PWD-Warehouse-3-JCWM01\\node_modules\\objection\\lib\\queryBuilder\\QueryBuilder.js:1489:32)\n    at SDQueryBuilder.execute (C:\\Users\\adela\\OneDrive\\Desktop\\Learning\\Final-Project\\PWD-Warehouse-3-JCWM01\\node_modules\\objection\\lib\\queryBuilder\\QueryBuilder.js:670:20)\n    at processTicksAndRejections (internal/process/task_queues.js:95:5)\n    at async getData (C:\\Users\\adela\\OneDrive\\Desktop\\Learning\\Final-Project\\PWD-Warehouse-3-JCWM01\\controllers\\AppDataAlamatUserController.js:26:18)","os":{"loadavg":[0,0,0],"uptime":104010},"process":{"argv":["C:\\Program Files\\nodejs\\node.exe","C:\\Users\\adela\\OneDrive\\Desktop\\Learning\\Final-Project\\PWD-Warehouse-3-JCWM01\\server.js"],"cwd":"C:\\Users\\adela\\OneDrive\\Desktop\\Learning\\Final-Project\\PWD-Warehouse-3-JCWM01","execPath":"C:\\Program Files\\nodejs\\node.exe","gid":null,"memoryUsage":{"arrayBuffers":61408,"external":1683270,"heapTotal":30777344,"heapUsed":28682664,"rss":59252736},"pid":6272,"uid":null,"version":"v14.17.0"},"stack":"DBError: select `app_data_alamat_user`.* from `app_data_alamat_user` where `app_data_alamat_user`.`deleted_at` is null and id_user=undefined  limit 10 - Unknown column 'undefined' in 'where clause'\n    at wrapError (C:\\Users\\adela\\OneDrive\\Desktop\\Learning\\Final-Project\\PWD-Warehouse-3-JCWM01\\node_modules\\db-errors\\lib\\dbErrors.js:19:14)\n    at handleExecuteError (C:\\Users\\adela\\OneDrive\\Desktop\\Learning\\Final-Project\\PWD-Warehouse-3-JCWM01\\node_modules\\objection\\lib\\queryBuilder\\QueryBuilder.js:1489:32)\n    at SDQueryBuilder.execute (C:\\Users\\adela\\OneDrive\\Desktop\\Learning\\Final-Project\\PWD-Warehouse-3-JCWM01\\node_modules\\objection\\lib\\queryBuilder\\QueryBuilder.js:670:20)\n    at processTicksAndRejections (internal/process/task_queues.js:95:5)\n    at async getData (C:\\Users\\adela\\OneDrive\\Desktop\\Learning\\Final-Project\\PWD-Warehouse-3-JCWM01\\controllers\\AppDataAlamatUserController.js:26:18)","trace":[{"column":14,"file":"C:\\Users\\adela\\OneDrive\\Desktop\\Learning\\Final-Project\\PWD-Warehouse-3-JCWM01\\node_modules\\db-errors\\lib\\dbErrors.js","function":"wrapError","line":19,"method":null,"native":false},{"column":32,"file":"C:\\Users\\adela\\OneDrive\\Desktop\\Learning\\Final-Project\\PWD-Warehouse-3-JCWM01\\node_modules\\objection\\lib\\queryBuilder\\QueryBuilder.js","function":"handleExecuteError","line":1489,"method":null,"native":false},{"column":20,"file":"C:\\Users\\adela\\OneDrive\\Desktop\\Learning\\Final-Project\\PWD-Warehouse-3-JCWM01\\node_modules\\objection\\lib\\queryBuilder\\QueryBuilder.js","function":"SDQueryBuilder.execute","line":670,"method":"execute","native":false},{"column":5,"file":"internal/process/task_queues.js","function":"processTicksAndRejections","line":95,"method":null,"native":false},{"column":18,"file":"C:\\Users\\adela\\OneDrive\\Desktop\\Learning\\Final-Project\\PWD-Warehouse-3-JCWM01\\controllers\\AppDataAlamatUserController.js","function":"async getData","line":26,"method":null,"native":false}]}
{"date":"Tue Feb 08 2022 14:44:05 GMT+0700 (Western Indonesia Time)","error":{"client":"mysql","name":"DBError","nativeError":{"code":"ER_BAD_FIELD_ERROR","errno":1054,"sql":"select `app_data_alamat_user`.* from `app_data_alamat_user` where `app_data_alamat_user`.`deleted_at` is null and id_user=undefined  limit 10","sqlMessage":"Unknown column 'undefined' in 'where clause'","sqlState":"42S22"}},"exception":true,"level":"error","message":"uncaughtException: select `app_data_alamat_user`.* from `app_data_alamat_user` where `app_data_alamat_user`.`deleted_at` is null and id_user=undefined  limit 10 - Unknown column 'undefined' in 'where clause'\nDBError: select `app_data_alamat_user`.* from `app_data_alamat_user` where `app_data_alamat_user`.`deleted_at` is null and id_user=undefined  limit 10 - Unknown column 'undefined' in 'where clause'\n    at wrapError (C:\\Users\\adela\\OneDrive\\Desktop\\Learning\\Final-Project\\PWD-Warehouse-3-JCWM01\\node_modules\\db-errors\\lib\\dbErrors.js:19:14)\n    at handleExecuteError (C:\\Users\\adela\\OneDrive\\Desktop\\Learning\\Final-Project\\PWD-Warehouse-3-JCWM01\\node_modules\\objection\\lib\\queryBuilder\\QueryBuilder.js:1489:32)\n    at SDQueryBuilder.execute (C:\\Users\\adela\\OneDrive\\Desktop\\Learning\\Final-Project\\PWD-Warehouse-3-JCWM01\\node_modules\\objection\\lib\\queryBuilder\\QueryBuilder.js:670:20)\n    at processTicksAndRejections (internal/process/task_queues.js:95:5)\n    at async getData (C:\\Users\\adela\\OneDrive\\Desktop\\Learning\\Final-Project\\PWD-Warehouse-3-JCWM01\\controllers\\AppDataAlamatUserController.js:26:18)","os":{"loadavg":[0,0,0],"uptime":104077},"process":{"argv":["C:\\Program Files\\nodejs\\node.exe","C:\\Users\\adela\\OneDrive\\Desktop\\Learning\\Final-Project\\PWD-Warehouse-3-JCWM01\\server.js"],"cwd":"C:\\Users\\adela\\OneDrive\\Desktop\\Learning\\Final-Project\\PWD-Warehouse-3-JCWM01","execPath":"C:\\Program Files\\nodejs\\node.exe","gid":null,"memoryUsage":{"arrayBuffers":170601,"external":1792463,"heapTotal":70098944,"heapUsed":29747728,"rss":97628160},"pid":10596,"uid":null,"version":"v14.17.0"},"stack":"DBError: select `app_data_alamat_user`.* from `app_data_alamat_user` where `app_data_alamat_user`.`deleted_at` is null and id_user=undefined  limit 10 - Unknown column 'undefined' in 'where clause'\n    at wrapError (C:\\Users\\adela\\OneDrive\\Desktop\\Learning\\Final-Project\\PWD-Warehouse-3-JCWM01\\node_modules\\db-errors\\lib\\dbErrors.js:19:14)\n    at handleExecuteError (C:\\Users\\adela\\OneDrive\\Desktop\\Learning\\Final-Project\\PWD-Warehouse-3-JCWM01\\node_modules\\objection\\lib\\queryBuilder\\QueryBuilder.js:1489:32)\n    at SDQueryBuilder.execute (C:\\Users\\adela\\OneDrive\\Desktop\\Learning\\Final-Project\\PWD-Warehouse-3-JCWM01\\node_modules\\objection\\lib\\queryBuilder\\QueryBuilder.js:670:20)\n    at processTicksAndRejections (internal/process/task_queues.js:95:5)\n    at async getData (C:\\Users\\adela\\OneDrive\\Desktop\\Learning\\Final-Project\\PWD-Warehouse-3-JCWM01\\controllers\\AppDataAlamatUserController.js:26:18)","trace":[{"column":14,"file":"C:\\Users\\adela\\OneDrive\\Desktop\\Learning\\Final-Project\\PWD-Warehouse-3-JCWM01\\node_modules\\db-errors\\lib\\dbErrors.js","function":"wrapError","line":19,"method":null,"native":false},{"column":32,"file":"C:\\Users\\adela\\OneDrive\\Desktop\\Learning\\Final-Project\\PWD-Warehouse-3-JCWM01\\node_modules\\objection\\lib\\queryBuilder\\QueryBuilder.js","function":"handleExecuteError","line":1489,"method":null,"native":false},{"column":20,"file":"C:\\Users\\adela\\OneDrive\\Desktop\\Learning\\Final-Project\\PWD-Warehouse-3-JCWM01\\node_modules\\objection\\lib\\queryBuilder\\QueryBuilder.js","function":"SDQueryBuilder.execute","line":670,"method":"execute","native":false},{"column":5,"file":"internal/process/task_queues.js","function":"processTicksAndRejections","line":95,"method":null,"native":false},{"column":18,"file":"C:\\Users\\adela\\OneDrive\\Desktop\\Learning\\Final-Project\\PWD-Warehouse-3-JCWM01\\controllers\\AppDataAlamatUserController.js","function":"async getData","line":26,"method":null,"native":false}]}
{"contentLength":"201","level":"info","message":"HTTP Access Log","method":"GET","responseTime":28.652,"status":200,"timestamp":"Tue Feb 08 2022 14:44:28 GMT+0700 (Western Indonesia Time)","url":"/cart/get-my-cart?id_user=225"}
{"date":"Tue Feb 08 2022 14:46:28 GMT+0700 (Western Indonesia Time)","error":{"client":"mysql","name":"DBError","nativeError":{"code":"ER_BAD_FIELD_ERROR","errno":1054,"sql":"select `app_data_alamat_user`.* from `app_data_alamat_user` where `app_data_alamat_user`.`deleted_at` is null and id_user=undefined  limit 10","sqlMessage":"Unknown column 'undefined' in 'where clause'","sqlState":"42S22"}},"exception":true,"level":"error","message":"uncaughtException: select `app_data_alamat_user`.* from `app_data_alamat_user` where `app_data_alamat_user`.`deleted_at` is null and id_user=undefined  limit 10 - Unknown column 'undefined' in 'where clause'\nDBError: select `app_data_alamat_user`.* from `app_data_alamat_user` where `app_data_alamat_user`.`deleted_at` is null and id_user=undefined  limit 10 - Unknown column 'undefined' in 'where clause'\n    at wrapError (C:\\Users\\adela\\OneDrive\\Desktop\\Learning\\Final-Project\\PWD-Warehouse-3-JCWM01\\node_modules\\db-errors\\lib\\dbErrors.js:19:14)\n    at handleExecuteError (C:\\Users\\adela\\OneDrive\\Desktop\\Learning\\Final-Project\\PWD-Warehouse-3-JCWM01\\node_modules\\objection\\lib\\queryBuilder\\QueryBuilder.js:1489:32)\n    at SDQueryBuilder.execute (C:\\Users\\adela\\OneDrive\\Desktop\\Learning\\Final-Project\\PWD-Warehouse-3-JCWM01\\node_modules\\objection\\lib\\queryBuilder\\QueryBuilder.js:670:20)\n    at processTicksAndRejections (internal/process/task_queues.js:95:5)\n    at async getData (C:\\Users\\adela\\OneDrive\\Desktop\\Learning\\Final-Project\\PWD-Warehouse-3-JCWM01\\controllers\\AppDataAlamatUserController.js:27:18)","os":{"loadavg":[0,0,0],"uptime":104220},"process":{"argv":["C:\\Program Files\\nodejs\\node.exe","C:\\Users\\adela\\OneDrive\\Desktop\\Learning\\Final-Project\\PWD-Warehouse-3-JCWM01\\server.js"],"cwd":"C:\\Users\\adela\\OneDrive\\Desktop\\Learning\\Final-Project\\PWD-Warehouse-3-JCWM01","execPath":"C:\\Program Files\\nodejs\\node.exe","gid":null,"memoryUsage":{"arrayBuffers":170601,"external":1792463,"heapTotal":69836800,"heapUsed":29749032,"rss":98115584},"pid":8664,"uid":null,"version":"v14.17.0"},"stack":"DBError: select `app_data_alamat_user`.* from `app_data_alamat_user` where `app_data_alamat_user`.`deleted_at` is null and id_user=undefined  limit 10 - Unknown column 'undefined' in 'where clause'\n    at wrapError (C:\\Users\\adela\\OneDrive\\Desktop\\Learning\\Final-Project\\PWD-Warehouse-3-JCWM01\\node_modules\\db-errors\\lib\\dbErrors.js:19:14)\n    at handleExecuteError (C:\\Users\\adela\\OneDrive\\Desktop\\Learning\\Final-Project\\PWD-Warehouse-3-JCWM01\\node_modules\\objection\\lib\\queryBuilder\\QueryBuilder.js:1489:32)\n    at SDQueryBuilder.execute (C:\\Users\\adela\\OneDrive\\Desktop\\Learning\\Final-Project\\PWD-Warehouse-3-JCWM01\\node_modules\\objection\\lib\\queryBuilder\\QueryBuilder.js:670:20)\n    at processTicksAndRejections (internal/process/task_queues.js:95:5)\n    at async getData (C:\\Users\\adela\\OneDrive\\Desktop\\Learning\\Final-Project\\PWD-Warehouse-3-JCWM01\\controllers\\AppDataAlamatUserController.js:27:18)","trace":[{"column":14,"file":"C:\\Users\\adela\\OneDrive\\Desktop\\Learning\\Final-Project\\PWD-Warehouse-3-JCWM01\\node_modules\\db-errors\\lib\\dbErrors.js","function":"wrapError","line":19,"method":null,"native":false},{"column":32,"file":"C:\\Users\\adela\\OneDrive\\Desktop\\Learning\\Final-Project\\PWD-Warehouse-3-JCWM01\\node_modules\\objection\\lib\\queryBuilder\\QueryBuilder.js","function":"handleExecuteError","line":1489,"method":null,"native":false},{"column":20,"file":"C:\\Users\\adela\\OneDrive\\Desktop\\Learning\\Final-Project\\PWD-Warehouse-3-JCWM01\\node_modules\\objection\\lib\\queryBuilder\\QueryBuilder.js","function":"SDQueryBuilder.execute","line":670,"method":"execute","native":false},{"column":5,"file":"internal/process/task_queues.js","function":"processTicksAndRejections","line":95,"method":null,"native":false},{"column":18,"file":"C:\\Users\\adela\\OneDrive\\Desktop\\Learning\\Final-Project\\PWD-Warehouse-3-JCWM01\\controllers\\AppDataAlamatUserController.js","function":"async getData","line":27,"method":null,"native":false}]}
{"date":"Tue Feb 08 2022 14:48:01 GMT+0700 (Western Indonesia Time)","error":{"client":"mysql","name":"DBError","nativeError":{"code":"ER_BAD_FIELD_ERROR","errno":1054,"sql":"select `app_data_alamat_user`.* from `app_data_alamat_user` where `app_data_alamat_user`.`deleted_at` is null and id_user=undefined AND id_kabkota='126' limit 10","sqlMessage":"Unknown column 'undefined' in 'where clause'","sqlState":"42S22"}},"exception":true,"level":"error","message":"uncaughtException: select `app_data_alamat_user`.* from `app_data_alamat_user` where `app_data_alamat_user`.`deleted_at` is null and id_user=undefined AND id_kabkota='126' limit 10 - Unknown column 'undefined' in 'where clause'\nDBError: select `app_data_alamat_user`.* from `app_data_alamat_user` where `app_data_alamat_user`.`deleted_at` is null and id_user=undefined AND id_kabkota='126' limit 10 - Unknown column 'undefined' in 'where clause'\n    at wrapError (C:\\Users\\adela\\OneDrive\\Desktop\\Learning\\Final-Project\\PWD-Warehouse-3-JCWM01\\node_modules\\db-errors\\lib\\dbErrors.js:19:14)\n    at handleExecuteError (C:\\Users\\adela\\OneDrive\\Desktop\\Learning\\Final-Project\\PWD-Warehouse-3-JCWM01\\node_modules\\objection\\lib\\queryBuilder\\QueryBuilder.js:1489:32)\n    at SDQueryBuilder.execute (C:\\Users\\adela\\OneDrive\\Desktop\\Learning\\Final-Project\\PWD-Warehouse-3-JCWM01\\node_modules\\objection\\lib\\queryBuilder\\QueryBuilder.js:670:20)\n    at processTicksAndRejections (internal/process/task_queues.js:95:5)\n    at async getData (C:\\Users\\adela\\OneDrive\\Desktop\\Learning\\Final-Project\\PWD-Warehouse-3-JCWM01\\controllers\\AppDataAlamatUserController.js:26:18)","os":{"loadavg":[0,0,0],"uptime":104313},"process":{"argv":["C:\\Program Files\\nodejs\\node.exe","C:\\Users\\adela\\OneDrive\\Desktop\\Learning\\Final-Project\\PWD-Warehouse-3-JCWM01\\server.js"],"cwd":"C:\\Users\\adela\\OneDrive\\Desktop\\Learning\\Final-Project\\PWD-Warehouse-3-JCWM01","execPath":"C:\\Program Files\\nodejs\\node.exe","gid":null,"memoryUsage":{"arrayBuffers":61408,"external":1683270,"heapTotal":30253056,"heapUsed":28672488,"rss":59043840},"pid":11092,"uid":null,"version":"v14.17.0"},"stack":"DBError: select `app_data_alamat_user`.* from `app_data_alamat_user` where `app_data_alamat_user`.`deleted_at` is null and id_user=undefined AND id_kabkota='126' limit 10 - Unknown column 'undefined' in 'where clause'\n    at wrapError (C:\\Users\\adela\\OneDrive\\Desktop\\Learning\\Final-Project\\PWD-Warehouse-3-JCWM01\\node_modules\\db-errors\\lib\\dbErrors.js:19:14)\n    at handleExecuteError (C:\\Users\\adela\\OneDrive\\Desktop\\Learning\\Final-Project\\PWD-Warehouse-3-JCWM01\\node_modules\\objection\\lib\\queryBuilder\\QueryBuilder.js:1489:32)\n    at SDQueryBuilder.execute (C:\\Users\\adela\\OneDrive\\Desktop\\Learning\\Final-Project\\PWD-Warehouse-3-JCWM01\\node_modules\\objection\\lib\\queryBuilder\\QueryBuilder.js:670:20)\n    at processTicksAndRejections (internal/process/task_queues.js:95:5)\n    at async getData (C:\\Users\\adela\\OneDrive\\Desktop\\Learning\\Final-Project\\PWD-Warehouse-3-JCWM01\\controllers\\AppDataAlamatUserController.js:26:18)","trace":[{"column":14,"file":"C:\\Users\\adela\\OneDrive\\Desktop\\Learning\\Final-Project\\PWD-Warehouse-3-JCWM01\\node_modules\\db-errors\\lib\\dbErrors.js","function":"wrapError","line":19,"method":null,"native":false},{"column":32,"file":"C:\\Users\\adela\\OneDrive\\Desktop\\Learning\\Final-Project\\PWD-Warehouse-3-JCWM01\\node_modules\\objection\\lib\\queryBuilder\\QueryBuilder.js","function":"handleExecuteError","line":1489,"method":null,"native":false},{"column":20,"file":"C:\\Users\\adela\\OneDrive\\Desktop\\Learning\\Final-Project\\PWD-Warehouse-3-JCWM01\\node_modules\\objection\\lib\\queryBuilder\\QueryBuilder.js","function":"SDQueryBuilder.execute","line":670,"method":"execute","native":false},{"column":5,"file":"internal/process/task_queues.js","function":"processTicksAndRejections","line":95,"method":null,"native":false},{"column":18,"file":"C:\\Users\\adela\\OneDrive\\Desktop\\Learning\\Final-Project\\PWD-Warehouse-3-JCWM01\\controllers\\AppDataAlamatUserController.js","function":"async getData","line":26,"method":null,"native":false}]}
{"date":"Tue Feb 08 2022 14:48:13 GMT+0700 (Western Indonesia Time)","error":{"client":"mysql","name":"DBError","nativeError":{"code":"ER_BAD_FIELD_ERROR","errno":1054,"sql":"select `app_data_alamat_user`.* from `app_data_alamat_user` where `app_data_alamat_user`.`deleted_at` is null and id_user=undefined AND id_kabkota='126' limit 10","sqlMessage":"Unknown column 'undefined' in 'where clause'","sqlState":"42S22"}},"exception":true,"level":"error","message":"uncaughtException: select `app_data_alamat_user`.* from `app_data_alamat_user` where `app_data_alamat_user`.`deleted_at` is null and id_user=undefined AND id_kabkota='126' limit 10 - Unknown column 'undefined' in 'where clause'\nDBError: select `app_data_alamat_user`.* from `app_data_alamat_user` where `app_data_alamat_user`.`deleted_at` is null and id_user=undefined AND id_kabkota='126' limit 10 - Unknown column 'undefined' in 'where clause'\n    at wrapError (C:\\Users\\adela\\OneDrive\\Desktop\\Learning\\Final-Project\\PWD-Warehouse-3-JCWM01\\node_modules\\db-errors\\lib\\dbErrors.js:19:14)\n    at handleExecuteError (C:\\Users\\adela\\OneDrive\\Desktop\\Learning\\Final-Project\\PWD-Warehouse-3-JCWM01\\node_modules\\objection\\lib\\queryBuilder\\QueryBuilder.js:1489:32)\n    at SDQueryBuilder.execute (C:\\Users\\adela\\OneDrive\\Desktop\\Learning\\Final-Project\\PWD-Warehouse-3-JCWM01\\node_modules\\objection\\lib\\queryBuilder\\QueryBuilder.js:670:20)\n    at processTicksAndRejections (internal/process/task_queues.js:95:5)\n    at async getData (C:\\Users\\adela\\OneDrive\\Desktop\\Learning\\Final-Project\\PWD-Warehouse-3-JCWM01\\controllers\\AppDataAlamatUserController.js:26:18)","os":{"loadavg":[0,0,0],"uptime":104325},"process":{"argv":["C:\\Program Files\\nodejs\\node.exe","C:\\Users\\adela\\OneDrive\\Desktop\\Learning\\Final-Project\\PWD-Warehouse-3-JCWM01\\server.js"],"cwd":"C:\\Users\\adela\\OneDrive\\Desktop\\Learning\\Final-Project\\PWD-Warehouse-3-JCWM01","execPath":"C:\\Program Files\\nodejs\\node.exe","gid":null,"memoryUsage":{"arrayBuffers":170601,"external":1792463,"heapTotal":69836800,"heapUsed":29742984,"rss":97931264},"pid":10448,"uid":null,"version":"v14.17.0"},"stack":"DBError: select `app_data_alamat_user`.* from `app_data_alamat_user` where `app_data_alamat_user`.`deleted_at` is null and id_user=undefined AND id_kabkota='126' limit 10 - Unknown column 'undefined' in 'where clause'\n    at wrapError (C:\\Users\\adela\\OneDrive\\Desktop\\Learning\\Final-Project\\PWD-Warehouse-3-JCWM01\\node_modules\\db-errors\\lib\\dbErrors.js:19:14)\n    at handleExecuteError (C:\\Users\\adela\\OneDrive\\Desktop\\Learning\\Final-Project\\PWD-Warehouse-3-JCWM01\\node_modules\\objection\\lib\\queryBuilder\\QueryBuilder.js:1489:32)\n    at SDQueryBuilder.execute (C:\\Users\\adela\\OneDrive\\Desktop\\Learning\\Final-Project\\PWD-Warehouse-3-JCWM01\\node_modules\\objection\\lib\\queryBuilder\\QueryBuilder.js:670:20)\n    at processTicksAndRejections (internal/process/task_queues.js:95:5)\n    at async getData (C:\\Users\\adela\\OneDrive\\Desktop\\Learning\\Final-Project\\PWD-Warehouse-3-JCWM01\\controllers\\AppDataAlamatUserController.js:26:18)","trace":[{"column":14,"file":"C:\\Users\\adela\\OneDrive\\Desktop\\Learning\\Final-Project\\PWD-Warehouse-3-JCWM01\\node_modules\\db-errors\\lib\\dbErrors.js","function":"wrapError","line":19,"method":null,"native":false},{"column":32,"file":"C:\\Users\\adela\\OneDrive\\Desktop\\Learning\\Final-Project\\PWD-Warehouse-3-JCWM01\\node_modules\\objection\\lib\\queryBuilder\\QueryBuilder.js","function":"handleExecuteError","line":1489,"method":null,"native":false},{"column":20,"file":"C:\\Users\\adela\\OneDrive\\Desktop\\Learning\\Final-Project\\PWD-Warehouse-3-JCWM01\\node_modules\\objection\\lib\\queryBuilder\\QueryBuilder.js","function":"SDQueryBuilder.execute","line":670,"method":"execute","native":false},{"column":5,"file":"internal/process/task_queues.js","function":"processTicksAndRejections","line":95,"method":null,"native":false},{"column":18,"file":"C:\\Users\\adela\\OneDrive\\Desktop\\Learning\\Final-Project\\PWD-Warehouse-3-JCWM01\\controllers\\AppDataAlamatUserController.js","function":"async getData","line":26,"method":null,"native":false}]}
